=== Build Output ===
> C:\Program Files\Huawei\DevEco Studio\tools\node\node.exe C:\Program Files\Huawei\DevEco Studio\tools\hvigor\bin\hvigorw.js --mode module -p module=entry@default assembleHap -p buildMode=debug -p debuggable=true -p debugLine=false --no-daemon

> hvigor UP-TO-DATE :entry:default@PreBuild...  
> hvigor Finished :entry:default@CreateModuleInfo... after 8 ms 
> hvigor UP-TO-DATE :entry:default@GenerateMetadata...  
> hvigor Finished :entry:default@ConfigureCmake... after 2 ms 
> hvigor Finished :entry:default@MergeProfile... after 46 ms 
> hvigor Finished :entry:default@CreateBuildProfile... after 21 ms 
> hvigor Finished :entry:default@PreCheckSyscap... after 2 ms 
> hvigor Finished :entry:default@GeneratePkgContextInfo... after 47 ms 
> hvigor UP-TO-DATE :entry:default@GeneratePkgSdkInfo...  
> hvigor Finished :entry:default@ProcessIntegratedHsp... after 23 ms 
> hvigor Finished :entry:default@BuildNativeWithCmake... after 2 ms 
> hvigor UP-TO-DATE :entry:default@MakePackInfo...  
> hvigor Finished :entry:default@SyscapTransform... after 119 ms 
> hvigor Finished :entry:default@ProcessProfile... after 611 ms 
> hvigor Finished :entry:default@ProcessRouterMap... after 14 ms 
> hvigor Finished :entry:default@ProcessShareConfig... after 13 ms 
> hvigor Finished :entry:default@ProcessStartupConfig... after 7 ms 
> hvigor Finished :entry:default@BuildNativeWithNinja... after 3 ms 
> hvigor Finished :entry:default@ProcessResource... after 53 ms 
> hvigor Finished :entry:default@GenerateLoaderJson... after 43 ms 
> hvigor UP-TO-DATE :entry:default@ProcessLibs...  
> hvigor Finished :entry:default@CompileResource... after 1 s 456 ms 
> hvigor UP-TO-DATE :entry:default@DoNativeStrip...  
> hvigor Finished :entry:default@BuildJS... after 27 ms 
> hvigor UP-TO-DATE :entry:default@CacheNativeLibs...  
> hvigor WARN: WARN: ArkTS:WARN File: C:/coding/DevEcoStudioProjects/timestore/entry/src/main/ets/infrastructure/data/RdbSchema.ets:8:3
 Function may throw exceptions. Special handling is required.

WARN: ArkTS:WARN File: C:/coding/DevEcoStudioProjects/timestore/entry/src/main/ets/infrastructure/data/RdbSchema.ets:12:3
 Function may throw exceptions. Special handling is required.

WARN: ArkTS:WARN File: C:/coding/DevEcoStudioProjects/timestore/entry/src/main/ets/infrastructure/data/RdbSchema.ets:16:3
 Function may throw exceptions. Special handling is required.

WARN: ArkTS:WARN File: C:/coding/DevEcoStudioProjects/timestore/entry/src/main/ets/infrastructure/data/RdbSchema.ets:25:3
 Function may throw exceptions. Special handling is required.

WARN: ArkTS:WARN File: C:/coding/DevEcoStudioProjects/timestore/entry/src/main/ets/infrastructure/data/RdbSchema.ets:34:3
 Function may throw exceptions. Special handling is required.

WARN: ArkTS:WARN File: C:/coding/DevEcoStudioProjects/timestore/entry/src/main/ets/infrastructure/data/RdbSchema.ets:43:3
 Function may throw exceptions. Special handling is required.

WARN: ArkTS:WARN File: C:/coding/DevEcoStudioProjects/timestore/entry/src/main/ets/infrastructure/data/RdbSchema.ets:55:3
 Function may throw exceptions. Special handling is required.

WARN: ArkTS:WARN File: C:/coding/DevEcoStudioProjects/timestore/entry/src/main/ets/infrastructure/data/RdbSchema.ets:67:14
 Function may throw exceptions. Special handling is required.

WARN: ArkTS:WARN File: C:/coding/DevEcoStudioProjects/timestore/entry/src/main/ets/infrastructure/data/RdbSchema.ets:69:7
 Function may throw exceptions. Special handling is required.

WARN: ArkTS:WARN File: C:/coding/DevEcoStudioProjects/timestore/entry/src/main/ets/infrastructure/data/RdbSchema.ets:70:15
 Function may throw exceptions. Special handling is required.

WARN: ArkTS:WARN File: C:/coding/DevEcoStudioProjects/timestore/entry/src/main/ets/infrastructure/data/RdbSchema.ets:70:26
 Function may throw exceptions. Special handling is required.

WARN: ArkTS:WARN File: C:/coding/DevEcoStudioProjects/timestore/entry/src/main/ets/infrastructure/data/RdbSchema.ets:72:3
 Function may throw exceptions. Special handling is required.

WARN: ArkTS:WARN File: C:/coding/DevEcoStudioProjects/timestore/entry/src/main/ets/infrastructure/data/RdbSchema.ets:74:5
 Function may throw exceptions. Special handling is required.

WARN: ArkTS:WARN File: C:/coding/DevEcoStudioProjects/timestore/entry/src/main/ets/infrastructure/repository/RepositoryImpl.ets:15:14
 Function may throw exceptions. Special handling is required.

WARN: ArkTS:WARN File: C:/coding/DevEcoStudioProjects/timestore/entry/src/main/ets/infrastructure/repository/RepositoryImpl.ets:17:7
 Function may throw exceptions. Special handling is required.

WARN: ArkTS:WARN File: C:/coding/DevEcoStudioProjects/timestore/entry/src/main/ets/infrastructure/repository/RepositoryImpl.ets:18:16
 Function may throw exceptions. Special handling is required.

WARN: ArkTS:WARN File: C:/coding/DevEcoStudioProjects/timestore/entry/src/main/ets/infrastructure/repository/RepositoryImpl.ets:18:27
 Function may throw exceptions. Special handling is required.

WARN: ArkTS:WARN File: C:/coding/DevEcoStudioProjects/timestore/entry/src/main/ets/infrastructure/repository/RepositoryImpl.ets:20:3
 Function may throw exceptions. Special handling is required.

WARN: ArkTS:WARN File: C:/coding/DevEcoStudioProjects/timestore/entry/src/main/ets/infrastructure/repository/RepositoryImpl.ets:52:16
 Function may throw exceptions. Special handling is required.

WARN: ArkTS:WARN File: C:/coding/DevEcoStudioProjects/timestore/entry/src/main/ets/infrastructure/repository/RepositoryImpl.ets:57:12
 Function may throw exceptions. Special handling is required.

WARN: ArkTS:WARN File: C:/coding/DevEcoStudioProjects/timestore/entry/src/main/ets/infrastructure/repository/RepositoryImpl.ets:59:20
 Function may throw exceptions. Special handling is required.

WARN: ArkTS:WARN File: C:/coding/DevEcoStudioProjects/timestore/entry/src/main/ets/infrastructure/repository/RepositoryImpl.ets:59:31
 Function may throw exceptions. Special handling is required.

WARN: ArkTS:WARN File: C:/coding/DevEcoStudioProjects/timestore/entry/src/main/ets/infrastructure/repository/RepositoryImpl.ets:60:22
 Function may throw exceptions. Special handling is required.

WARN: ArkTS:WARN File: C:/coding/DevEcoStudioProjects/timestore/entry/src/main/ets/infrastructure/repository/RepositoryImpl.ets:60:35
 Function may throw exceptions. Special handling is required.

WARN: ArkTS:WARN File: C:/coding/DevEcoStudioProjects/timestore/entry/src/main/ets/infrastructure/repository/RepositoryImpl.ets:63:5
 Function may throw exceptions. Special handling is required.

WARN: ArkTS:WARN File: C:/coding/DevEcoStudioProjects/timestore/entry/src/main/ets/infrastructure/repository/RepositoryImpl.ets:79:19
 Function may throw exceptions. Special handling is required.

WARN: ArkTS:WARN File: C:/coding/DevEcoStudioProjects/timestore/entry/src/main/ets/infrastructure/repository/RepositoryImpl.ets:85:16
 Function may throw exceptions. Special handling is required.

WARN: ArkTS:WARN File: C:/coding/DevEcoStudioProjects/timestore/entry/src/main/ets/infrastructure/repository/RepositoryImpl.ets:87:9
 Function may throw exceptions. Special handling is required.

WARN: ArkTS:WARN File: C:/coding/DevEcoStudioProjects/timestore/entry/src/main/ets/infrastructure/repository/RepositoryImpl.ets:89:20
 Function may throw exceptions. Special handling is required.

WARN: ArkTS:WARN File: C:/coding/DevEcoStudioProjects/timestore/entry/src/main/ets/infrastructure/repository/RepositoryImpl.ets:89:31
 Function may throw exceptions. Special handling is required.

WARN: ArkTS:WARN File: C:/coding/DevEcoStudioProjects/timestore/entry/src/main/ets/infrastructure/repository/RepositoryImpl.ets:90:22
 Function may throw exceptions. Special handling is required.

WARN: ArkTS:WARN File: C:/coding/DevEcoStudioProjects/timestore/entry/src/main/ets/infrastructure/repository/RepositoryImpl.ets:90:35
 Function may throw exceptions. Special handling is required.

WARN: ArkTS:WARN File: C:/coding/DevEcoStudioProjects/timestore/entry/src/main/ets/infrastructure/repository/RepositoryImpl.ets:93:5
 Function may throw exceptions. Special handling is required.

WARN: ArkTS:WARN File: C:/coding/DevEcoStudioProjects/timestore/entry/src/main/ets/infrastructure/repository/RepositoryImpl.ets:103:5
 Function may throw exceptions. Special handling is required.

WARN: ArkTS:WARN File: C:/coding/DevEcoStudioProjects/timestore/entry/src/main/ets/infrastructure/repository/RepositoryImpl.ets:109:16
 Function may throw exceptions. Special handling is required.

WARN: ArkTS:WARN File: C:/coding/DevEcoStudioProjects/timestore/entry/src/main/ets/infrastructure/repository/RepositoryImpl.ets:111:12
 Function may throw exceptions. Special handling is required.

WARN: ArkTS:WARN File: C:/coding/DevEcoStudioProjects/timestore/entry/src/main/ets/infrastructure/repository/RepositoryImpl.ets:113:20
 Function may throw exceptions. Special handling is required.

WARN: ArkTS:WARN File: C:/coding/DevEcoStudioProjects/timestore/entry/src/main/ets/infrastructure/repository/RepositoryImpl.ets:113:31
 Function may throw exceptions. Special handling is required.

WARN: ArkTS:WARN File: C:/coding/DevEcoStudioProjects/timestore/entry/src/main/ets/infrastructure/repository/RepositoryImpl.ets:114:16
 Function may throw exceptions. Special handling is required.

WARN: ArkTS:WARN File: C:/coding/DevEcoStudioProjects/timestore/entry/src/main/ets/infrastructure/repository/RepositoryImpl.ets:114:29
 Function may throw exceptions. Special handling is required.

WARN: ArkTS:WARN File: C:/coding/DevEcoStudioProjects/timestore/entry/src/main/ets/infrastructure/repository/RepositoryImpl.ets:117:5
 Function may throw exceptions. Special handling is required.

WARN: ArkTS:WARN File: C:/coding/DevEcoStudioProjects/timestore/entry/src/main/ets/infrastructure/repository/RepositoryImpl.ets:133:19
 Function may throw exceptions. Special handling is required.

WARN: ArkTS:WARN File: C:/coding/DevEcoStudioProjects/timestore/entry/src/main/ets/infrastructure/repository/RepositoryImpl.ets:139:16
 Function may throw exceptions. Special handling is required.

WARN: ArkTS:WARN File: C:/coding/DevEcoStudioProjects/timestore/entry/src/main/ets/infrastructure/repository/RepositoryImpl.ets:141:9
 Function may throw exceptions. Special handling is required.

WARN: ArkTS:WARN File: C:/coding/DevEcoStudioProjects/timestore/entry/src/main/ets/infrastructure/repository/RepositoryImpl.ets:143:20
 Function may throw exceptions. Special handling is required.

WARN: ArkTS:WARN File: C:/coding/DevEcoStudioProjects/timestore/entry/src/main/ets/infrastructure/repository/RepositoryImpl.ets:143:31
 Function may throw exceptions. Special handling is required.

WARN: ArkTS:WARN File: C:/coding/DevEcoStudioProjects/timestore/entry/src/main/ets/infrastructure/repository/RepositoryImpl.ets:144:16
 Function may throw exceptions. Special handling is required.

WARN: ArkTS:WARN File: C:/coding/DevEcoStudioProjects/timestore/entry/src/main/ets/infrastructure/repository/RepositoryImpl.ets:144:29
 Function may throw exceptions. Special handling is required.

WARN: ArkTS:WARN File: C:/coding/DevEcoStudioProjects/timestore/entry/src/main/ets/infrastructure/repository/RepositoryImpl.ets:147:5
 Function may throw exceptions. Special handling is required.

WARN: ArkTS:WARN File: C:/coding/DevEcoStudioProjects/timestore/entry/src/main/ets/infrastructure/repository/RepositoryImpl.ets:157:5
 Function may throw exceptions. Special handling is required.

WARN: ArkTS:WARN File: C:/coding/DevEcoStudioProjects/timestore/entry/src/main/ets/infrastructure/repository/RepositoryImpl.ets:163:16
 Function may throw exceptions. Special handling is required.

WARN: ArkTS:WARN File: C:/coding/DevEcoStudioProjects/timestore/entry/src/main/ets/infrastructure/repository/RepositoryImpl.ets:169:12
 Function may throw exceptions. Special handling is required.

WARN: ArkTS:WARN File: C:/coding/DevEcoStudioProjects/timestore/entry/src/main/ets/infrastructure/repository/RepositoryImpl.ets:171:20
 Function may throw exceptions. Special handling is required.

WARN: ArkTS:WARN File: C:/coding/DevEcoStudioProjects/timestore/entry/src/main/ets/infrastructure/repository/RepositoryImpl.ets:171:31
 Function may throw exceptions. Special handling is required.

WARN: ArkTS:WARN File: C:/coding/DevEcoStudioProjects/timestore/entry/src/main/ets/infrastructure/repository/RepositoryImpl.ets:172:22
 Function may throw exceptions. Special handling is required.

WARN: ArkTS:WARN File: C:/coding/DevEcoStudioProjects/timestore/entry/src/main/ets/infrastructure/repository/RepositoryImpl.ets:172:35
 Function may throw exceptions. Special handling is required.

WARN: ArkTS:WARN File: C:/coding/DevEcoStudioProjects/timestore/entry/src/main/ets/infrastructure/repository/RepositoryImpl.ets:175:5
 Function may throw exceptions. Special handling is required.

WARN: ArkTS:WARN File: C:/coding/DevEcoStudioProjects/timestore/entry/src/main/ets/infrastructure/repository/RepositoryImpl.ets:186:17
 Function may throw exceptions. Special handling is required.

WARN: ArkTS:WARN File: C:/coding/DevEcoStudioProjects/timestore/entry/src/main/ets/infrastructure/repository/RepositoryImpl.ets:190:9
 Function may throw exceptions. Special handling is required.

WARN: ArkTS:WARN File: C:/coding/DevEcoStudioProjects/timestore/entry/src/main/ets/infrastructure/repository/RepositoryImpl.ets:191:7
 Function may throw exceptions. Special handling is required.

WARN: ArkTS:WARN File: C:/coding/DevEcoStudioProjects/timestore/entry/src/main/ets/infrastructure/repository/RepositoryImpl.ets:194:5
 Function may throw exceptions. Special handling is required.

WARN: ArkTS:WARN File: C:/coding/DevEcoStudioProjects/timestore/entry/src/main/ets/infrastructure/repository/RepositoryImpl.ets:199:5
 Function may throw exceptions. Special handling is required.

WARN: ArkTS:WARN File: C:/coding/DevEcoStudioProjects/timestore/entry/src/main/ets/infrastructure/repository/RepositoryImpl.ets:204:5
 Function may throw exceptions. Special handling is required.

WARN: ArkTS:WARN File: C:/coding/DevEcoStudioProjects/timestore/entry/src/main/ets/infrastructure/repository/RepositoryImpl.ets:209:16
 Function may throw exceptions. Special handling is required.

WARN: ArkTS:WARN File: C:/coding/DevEcoStudioProjects/timestore/entry/src/main/ets/infrastructure/repository/RepositoryImpl.ets:215:12
 Function may throw exceptions. Special handling is required.

WARN: ArkTS:WARN File: C:/coding/DevEcoStudioProjects/timestore/entry/src/main/ets/infrastructure/repository/RepositoryImpl.ets:217:20
 Function may throw exceptions. Special handling is required.

WARN: ArkTS:WARN File: C:/coding/DevEcoStudioProjects/timestore/entry/src/main/ets/infrastructure/repository/RepositoryImpl.ets:217:31
 Function may throw exceptions. Special handling is required.

WARN: ArkTS:WARN File: C:/coding/DevEcoStudioProjects/timestore/entry/src/main/ets/infrastructure/repository/RepositoryImpl.ets:218:16
 Function may throw exceptions. Special handling is required.

WARN: ArkTS:WARN File: C:/coding/DevEcoStudioProjects/timestore/entry/src/main/ets/infrastructure/repository/RepositoryImpl.ets:218:29
 Function may throw exceptions. Special handling is required.

WARN: ArkTS:WARN File: C:/coding/DevEcoStudioProjects/timestore/entry/src/main/ets/infrastructure/repository/RepositoryImpl.ets:221:5
 Function may throw exceptions. Special handling is required.

WARN: ArkTS:WARN File: C:/coding/DevEcoStudioProjects/timestore/entry/src/main/ets/infrastructure/repository/RepositoryImpl.ets:227:16
 Function may throw exceptions. Special handling is required.

WARN: ArkTS:WARN File: C:/coding/DevEcoStudioProjects/timestore/entry/src/main/ets/infrastructure/repository/RepositoryImpl.ets:231:16
 Function may throw exceptions. Special handling is required.

WARN: ArkTS:WARN File: C:/coding/DevEcoStudioProjects/timestore/entry/src/main/ets/infrastructure/repository/RepositoryImpl.ets:232:5
 Function may throw exceptions. Special handling is required.

WARN: ArkTS:WARN File: C:/coding/DevEcoStudioProjects/timestore/entry/src/main/ets/infrastructure/repository/RepositoryImpl.ets:254:16
 Function may throw exceptions. Special handling is required.

WARN: ArkTS:WARN File: C:/coding/DevEcoStudioProjects/timestore/entry/src/main/ets/infrastructure/repository/RepositoryImpl.ets:261:12
 Function may throw exceptions. Special handling is required.

WARN: ArkTS:WARN File: C:/coding/DevEcoStudioProjects/timestore/entry/src/main/ets/infrastructure/repository/RepositoryImpl.ets:263:20
 Function may throw exceptions. Special handling is required.

WARN: ArkTS:WARN File: C:/coding/DevEcoStudioProjects/timestore/entry/src/main/ets/infrastructure/repository/RepositoryImpl.ets:263:31
 Function may throw exceptions. Special handling is required.

WARN: ArkTS:WARN File: C:/coding/DevEcoStudioProjects/timestore/entry/src/main/ets/infrastructure/repository/RepositoryImpl.ets:264:14
 Function may throw exceptions. Special handling is required.

WARN: ArkTS:WARN File: C:/coding/DevEcoStudioProjects/timestore/entry/src/main/ets/infrastructure/repository/RepositoryImpl.ets:264:27
 Function may throw exceptions. Special handling is required.

WARN: ArkTS:WARN File: C:/coding/DevEcoStudioProjects/timestore/entry/src/main/ets/infrastructure/repository/RepositoryImpl.ets:267:5
 Function may throw exceptions. Special handling is required.

WARN: ArkTS:WARN File: C:/coding/DevEcoStudioProjects/timestore/entry/src/main/ets/infrastructure/repository/RepositoryImpl.ets:272:16
 Function may throw exceptions. Special handling is required.

WARN: ArkTS:WARN File: C:/coding/DevEcoStudioProjects/timestore/entry/src/main/ets/infrastructure/repository/RepositoryImpl.ets:274:9
 Function may throw exceptions. Special handling is required.

WARN: ArkTS:WARN File: C:/coding/DevEcoStudioProjects/timestore/entry/src/main/ets/infrastructure/repository/RepositoryImpl.ets:275:19
 Function may throw exceptions. Special handling is required.

WARN: ArkTS:WARN File: C:/coding/DevEcoStudioProjects/timestore/entry/src/main/ets/infrastructure/repository/RepositoryImpl.ets:275:30
 Function may throw exceptions. Special handling is required.

WARN: ArkTS:WARN File: C:/coding/DevEcoStudioProjects/timestore/entry/src/main/ets/infrastructure/repository/RepositoryImpl.ets:277:5
 Function may throw exceptions. Special handling is required.

WARN: ArkTS:WARN File: C:/coding/DevEcoStudioProjects/timestore/entry/src/main/ets/infrastructure/repository/RepositoryImpl.ets:289:17
 Function may throw exceptions. Special handling is required.

WARN: ArkTS:WARN File: C:/coding/DevEcoStudioProjects/timestore/entry/src/main/ets/infrastructure/repository/RepositoryImpl.ets:293:17
 Function may throw exceptions. Special handling is required.

WARN: ArkTS:WARN File: C:/coding/DevEcoStudioProjects/timestore/entry/src/main/ets/infrastructure/repository/RepositoryImpl.ets:295:9
 Function may throw exceptions. Special handling is required.

WARN: ArkTS:WARN File: C:/coding/DevEcoStudioProjects/timestore/entry/src/main/ets/infrastructure/repository/RepositoryImpl.ets:296:20
 Function may throw exceptions. Special handling is required.

WARN: ArkTS:WARN File: C:/coding/DevEcoStudioProjects/timestore/entry/src/main/ets/infrastructure/repository/RepositoryImpl.ets:296:32
 Function may throw exceptions. Special handling is required.

WARN: ArkTS:WARN File: C:/coding/DevEcoStudioProjects/timestore/entry/src/main/ets/infrastructure/repository/RepositoryImpl.ets:298:5
 Function may throw exceptions. Special handling is required.

WARN: ArkTS:WARN File: C:/coding/DevEcoStudioProjects/timestore/entry/src/main/ets/infrastructure/repository/RepositoryImpl.ets:380:7
 Function may throw exceptions. Special handling is required.

WARN: ArkTS:WARN File: C:/coding/DevEcoStudioProjects/timestore/entry/src/main/ets/pages/shell/ShellPage.ets:23:5
 Function may throw exceptions. Special handling is required.

WARN: ArkTS:WARN File: C:/coding/DevEcoStudioProjects/timestore/entry/src/main/ets/pages/shell/ShellPage.ets:23:12
 'replaceUrl' has been deprecated.

WARN: ArkTS:WARN File: C:/coding/DevEcoStudioProjects/timestore/entry/src/main/ets/pages/shell/ShellPage.ets:27:5
 Function may throw exceptions. Special handling is required.

WARN: ArkTS:WARN File: C:/coding/DevEcoStudioProjects/timestore/entry/src/main/ets/pages/shell/ShellPage.ets:27:12
 'replaceUrl' has been deprecated.

WARN: ArkTS:WARN File: C:/coding/DevEcoStudioProjects/timestore/entry/src/main/ets/common/ui/MainTabBar.ets:11:7
 Function may throw exceptions. Special handling is required.

WARN: ArkTS:WARN File: C:/coding/DevEcoStudioProjects/timestore/entry/src/main/ets/common/ui/MainTabBar.ets:11:14
 'replaceUrl' has been deprecated.

WARN: ArkTS:WARN File: C:/coding/DevEcoStudioProjects/timestore/entry/src/main/ets/common/ui/MainTabBar.ets:17:7
 Function may throw exceptions. Special handling is required.

WARN: ArkTS:WARN File: C:/coding/DevEcoStudioProjects/timestore/entry/src/main/ets/common/ui/MainTabBar.ets:17:14
 'replaceUrl' has been deprecated.

WARN: ArkTS:WARN File: C:/coding/DevEcoStudioProjects/timestore/entry/src/main/ets/pages/person/PersonPage.ets:27:7
 Function may throw exceptions. Special handling is required.

WARN: ArkTS:WARN File: C:/coding/DevEcoStudioProjects/timestore/entry/src/main/ets/pages/person/PersonPage.ets:27:20
 'showToast' has been deprecated.

WARN: ArkTS:WARN File: C:/coding/DevEcoStudioProjects/timestore/entry/src/main/ets/pages/person/PersonPage.ets:31:5
 Function may throw exceptions. Special handling is required.

WARN: ArkTS:WARN File: C:/coding/DevEcoStudioProjects/timestore/entry/src/main/ets/pages/person/PersonPage.ets:31:18
 'showToast' has been deprecated.

WARN: ArkTS:WARN File: C:/coding/DevEcoStudioProjects/timestore/entry/src/main/ets/pages/person/PersonPage.ets:46:22
 'replaceUrl' has been deprecated.

WARN: ArkTS:WARN File: C:/coding/DevEcoStudioProjects/timestore/entry/src/main/ets/pages/person/PersonPage.ets:61:22
 'pushUrl' has been deprecated.

WARN: ArkTS:WARN File: C:/coding/DevEcoStudioProjects/timestore/entry/src/main/ets/pages/person/PersonPage.ets:149:26
 'pushUrl' has been deprecated.

WARN: ArkTS:WARN File: C:/coding/DevEcoStudioProjects/timestore/entry/src/main/ets/pages/person/PersonDetailPage.ets:36:27
 'getParams' has been deprecated.

WARN: ArkTS:WARN File: C:/coding/DevEcoStudioProjects/timestore/entry/src/main/ets/pages/person/PersonDetailPage.ets:60:7
 Function may throw exceptions. Special handling is required.

WARN: ArkTS:WARN File: C:/coding/DevEcoStudioProjects/timestore/entry/src/main/ets/pages/person/PersonDetailPage.ets:60:20
 'showToast' has been deprecated.

WARN: ArkTS:WARN File: C:/coding/DevEcoStudioProjects/timestore/entry/src/main/ets/pages/person/PersonDetailPage.ets:63:5
 Function may throw exceptions. Special handling is required.

WARN: ArkTS:WARN File: C:/coding/DevEcoStudioProjects/timestore/entry/src/main/ets/pages/person/PersonDetailPage.ets:63:18
 'showToast' has been deprecated.

WARN: ArkTS:WARN File: C:/coding/DevEcoStudioProjects/timestore/entry/src/main/ets/pages/person/PersonDetailPage.ets:71:7
 Function may throw exceptions. Special handling is required.

WARN: ArkTS:WARN File: C:/coding/DevEcoStudioProjects/timestore/entry/src/main/ets/pages/person/PersonDetailPage.ets:71:20
 'showToast' has been deprecated.

WARN: ArkTS:WARN File: C:/coding/DevEcoStudioProjects/timestore/entry/src/main/ets/pages/person/PersonDetailPage.ets:75:5
 Function may throw exceptions. Special handling is required.

WARN: ArkTS:WARN File: C:/coding/DevEcoStudioProjects/timestore/entry/src/main/ets/pages/person/PersonDetailPage.ets:75:18
 'showToast' has been deprecated.

WARN: ArkTS:WARN File: C:/coding/DevEcoStudioProjects/timestore/entry/src/main/ets/pages/person/PersonDetailPage.ets:112:24
 'showToast' has been deprecated.

WARN: ArkTS:WARN File: C:/coding/DevEcoStudioProjects/timestore/entry/src/main/ets/pages/person/PersonDetailPage.ets:115:20
 'showToast' has been deprecated.

WARN: ArkTS:WARN File: C:/coding/DevEcoStudioProjects/timestore/entry/src/main/ets/pages/person/PersonDetailPage.ets:118:7
 Function may throw exceptions. Special handling is required.

WARN: ArkTS:WARN File: C:/coding/DevEcoStudioProjects/timestore/entry/src/main/ets/pages/person/PersonDetailPage.ets:118:20
 'showToast' has been deprecated.

WARN: ArkTS:WARN File: C:/coding/DevEcoStudioProjects/timestore/entry/src/main/ets/pages/person/PersonDetailPage.ets:143:20
 'back' has been deprecated.

WARN: ArkTS:WARN File: C:/coding/DevEcoStudioProjects/timestore/entry/src/main/ets/pages/person/PersonDetailPage.ets:385:26
 'pushUrl' has been deprecated.

WARN: ArkTS:WARN File: C:/coding/DevEcoStudioProjects/timestore/entry/src/main/ets/pages/story/StoryPage.ets:27:7
 Function may throw exceptions. Special handling is required.

WARN: ArkTS:WARN File: C:/coding/DevEcoStudioProjects/timestore/entry/src/main/ets/pages/story/StoryPage.ets:27:20
 'showToast' has been deprecated.

WARN: ArkTS:WARN File: C:/coding/DevEcoStudioProjects/timestore/entry/src/main/ets/pages/story/StoryPage.ets:31:5
 Function may throw exceptions. Special handling is required.

WARN: ArkTS:WARN File: C:/coding/DevEcoStudioProjects/timestore/entry/src/main/ets/pages/story/StoryPage.ets:31:18
 'showToast' has been deprecated.

WARN: ArkTS:WARN File: C:/coding/DevEcoStudioProjects/timestore/entry/src/main/ets/pages/story/StoryPage.ets:46:22
 'replaceUrl' has been deprecated.

WARN: ArkTS:WARN File: C:/coding/DevEcoStudioProjects/timestore/entry/src/main/ets/pages/story/StoryPage.ets:139:26
 'pushUrl' has been deprecated.

WARN: ArkTS:WARN File: C:/coding/DevEcoStudioProjects/timestore/entry/src/main/ets/pages/story/StoryDetailPage.ets:35:27
 'getParams' has been deprecated.

WARN: ArkTS:WARN File: C:/coding/DevEcoStudioProjects/timestore/entry/src/main/ets/pages/story/StoryDetailPage.ets:59:7
 Function may throw exceptions. Special handling is required.

WARN: ArkTS:WARN File: C:/coding/DevEcoStudioProjects/timestore/entry/src/main/ets/pages/story/StoryDetailPage.ets:59:20
 'showToast' has been deprecated.

WARN: ArkTS:WARN File: C:/coding/DevEcoStudioProjects/timestore/entry/src/main/ets/pages/story/StoryDetailPage.ets:62:5
 Function may throw exceptions. Special handling is required.

WARN: ArkTS:WARN File: C:/coding/DevEcoStudioProjects/timestore/entry/src/main/ets/pages/story/StoryDetailPage.ets:62:18
 'showToast' has been deprecated.

WARN: ArkTS:WARN File: C:/coding/DevEcoStudioProjects/timestore/entry/src/main/ets/pages/story/StoryDetailPage.ets:70:7
 Function may throw exceptions. Special handling is required.

WARN: ArkTS:WARN File: C:/coding/DevEcoStudioProjects/timestore/entry/src/main/ets/pages/story/StoryDetailPage.ets:70:20
 'showToast' has been deprecated.

WARN: ArkTS:WARN File: C:/coding/DevEcoStudioProjects/timestore/entry/src/main/ets/pages/story/StoryDetailPage.ets:74:5
 Function may throw exceptions. Special handling is required.

WARN: ArkTS:WARN File: C:/coding/DevEcoStudioProjects/timestore/entry/src/main/ets/pages/story/StoryDetailPage.ets:74:18
 'showToast' has been deprecated.

WARN: ArkTS:WARN File: C:/coding/DevEcoStudioProjects/timestore/entry/src/main/ets/pages/story/StoryDetailPage.ets:110:24
 'showToast' has been deprecated.

WARN: ArkTS:WARN File: C:/coding/DevEcoStudioProjects/timestore/entry/src/main/ets/pages/story/StoryDetailPage.ets:113:20
 'showToast' has been deprecated.

WARN: ArkTS:WARN File: C:/coding/DevEcoStudioProjects/timestore/entry/src/main/ets/pages/story/StoryDetailPage.ets:116:7
 Function may throw exceptions. Special handling is required.

WARN: ArkTS:WARN File: C:/coding/DevEcoStudioProjects/timestore/entry/src/main/ets/pages/story/StoryDetailPage.ets:116:20
 'showToast' has been deprecated.

WARN: ArkTS:WARN File: C:/coding/DevEcoStudioProjects/timestore/entry/src/main/ets/pages/story/StoryDetailPage.ets:141:20
 'back' has been deprecated.

WARN: ArkTS:WARN File: C:/coding/DevEcoStudioProjects/timestore/entry/src/main/ets/pages/story/StoryDetailPage.ets:381:26
 'pushUrl' has been deprecated.

WARN: ArkTS:WARN File: C:/coding/DevEcoStudioProjects/timestore/entry/src/main/ets/pages/import/ImportPage.ets:66:27
 'getParams' has been deprecated.

WARN: ArkTS:WARN File: C:/coding/DevEcoStudioProjects/timestore/entry/src/main/ets/pages/import/ImportPage.ets:99:7
 Function may throw exceptions. Special handling is required.

WARN: ArkTS:WARN File: C:/coding/DevEcoStudioProjects/timestore/entry/src/main/ets/pages/import/ImportPage.ets:99:20
 'showToast' has been deprecated.

WARN: ArkTS:WARN File: C:/coding/DevEcoStudioProjects/timestore/entry/src/main/ets/pages/import/ImportPage.ets:113:20
 'showToast' has been deprecated.

WARN: ArkTS:WARN File: C:/coding/DevEcoStudioProjects/timestore/entry/src/main/ets/pages/import/ImportPage.ets:116:7
 Function may throw exceptions. Special handling is required.

WARN: ArkTS:WARN File: C:/coding/DevEcoStudioProjects/timestore/entry/src/main/ets/pages/import/ImportPage.ets:116:20
 'showToast' has been deprecated.

WARN: ArkTS:WARN File: C:/coding/DevEcoStudioProjects/timestore/entry/src/main/ets/pages/import/ImportPage.ets:167:7
 Function may throw exceptions. Special handling is required.

WARN: ArkTS:WARN File: C:/coding/DevEcoStudioProjects/timestore/entry/src/main/ets/pages/import/ImportPage.ets:167:20
 'showToast' has been deprecated.

WARN: ArkTS:WARN File: C:/coding/DevEcoStudioProjects/timestore/entry/src/main/ets/pages/import/ImportPage.ets:172:7
 Function may throw exceptions. Special handling is required.

WARN: ArkTS:WARN File: C:/coding/DevEcoStudioProjects/timestore/entry/src/main/ets/pages/import/ImportPage.ets:172:20
 'showToast' has been deprecated.

WARN: ArkTS:WARN File: C:/coding/DevEcoStudioProjects/timestore/entry/src/main/ets/pages/import/ImportPage.ets:176:7
 Function may throw exceptions. Special handling is required.

WARN: ArkTS:WARN File: C:/coding/DevEcoStudioProjects/timestore/entry/src/main/ets/pages/import/ImportPage.ets:176:20
 'showToast' has been deprecated.

WARN: ArkTS:WARN File: C:/coding/DevEcoStudioProjects/timestore/entry/src/main/ets/pages/import/ImportPage.ets:198:5
 Function may throw exceptions. Special handling is required.

WARN: ArkTS:WARN File: C:/coding/DevEcoStudioProjects/timestore/entry/src/main/ets/pages/import/ImportPage.ets:198:18
 'showToast' has been deprecated.

WARN: ArkTS:WARN File: C:/coding/DevEcoStudioProjects/timestore/entry/src/main/ets/pages/import/ImportPage.ets:202:12
 'back' has been deprecated.

WARN: ArkTS:WARN File: C:/coding/DevEcoStudioProjects/timestore/entry/src/main/ets/pages/import/ImportPage.ets:236:9
 Function may throw exceptions. Special handling is required.

WARN: ArkTS:WARN File: C:/coding/DevEcoStudioProjects/timestore/entry/src/main/ets/pages/import/ImportPage.ets:236:22
 'showToast' has been deprecated.

WARN: ArkTS:WARN File: C:/coding/DevEcoStudioProjects/timestore/entry/src/main/ets/pages/import/ImportPage.ets:248:5
 Function may throw exceptions. Special handling is required.

WARN: ArkTS:WARN File: C:/coding/DevEcoStudioProjects/timestore/entry/src/main/ets/pages/import/ImportPage.ets:248:18
 'showToast' has been deprecated.

WARN: ArkTS:WARN File: C:/coding/DevEcoStudioProjects/timestore/entry/src/main/ets/pages/import/ImportPage.ets:253:38
 'showDialog' has been deprecated.

WARN: ArkTS:WARN File: C:/coding/DevEcoStudioProjects/timestore/entry/src/main/ets/pages/import/ImportPage.ets:268:22
 'showToast' has been deprecated.

WARN: ArkTS:WARN File: C:/coding/DevEcoStudioProjects/timestore/entry/src/main/ets/pages/import/ImportPage.ets:278:5
 Function may throw exceptions. Special handling is required.

WARN: ArkTS:WARN File: C:/coding/DevEcoStudioProjects/timestore/entry/src/main/ets/pages/import/ImportPage.ets:278:18
 'showToast' has been deprecated.

WARN: ArkTS:WARN File: C:/coding/DevEcoStudioProjects/timestore/entry/src/main/ets/pages/import/ImportPage.ets:342:28
 'showToast' has been deprecated.

WARN: ArkTS:WARN File: C:/coding/DevEcoStudioProjects/timestore/entry/src/main/ets/pages/import/ImportPage.ets:372:26
 'back' has been deprecated.

WARN: ArkTS:WARN File: C:/coding/DevEcoStudioProjects/timestore/entry/src/main/ets/pages/import/ImportPage.ets:771:26
 'back' has been deprecated.

WARN: ArkTS:WARN File: C:/coding/DevEcoStudioProjects/timestore/entry/src/main/ets/pages/import/ImportPage.ets:803:28
 'back' has been deprecated.

WARN: ArkTS:WARN File: C:/coding/DevEcoStudioProjects/timestore/entry/src/main/ets/pages/suggest/SuggestPage.ets:29:7
 Function may throw exceptions. Special handling is required.

WARN: ArkTS:WARN File: C:/coding/DevEcoStudioProjects/timestore/entry/src/main/ets/pages/suggest/SuggestPage.ets:29:20
 'showToast' has been deprecated.

WARN: ArkTS:WARN File: C:/coding/DevEcoStudioProjects/timestore/entry/src/main/ets/pages/suggest/SuggestPage.ets:36:5
 Function may throw exceptions. Special handling is required.

WARN: ArkTS:WARN File: C:/coding/DevEcoStudioProjects/timestore/entry/src/main/ets/pages/suggest/SuggestPage.ets:36:18
 'showToast' has been deprecated.

WARN: ArkTS:WARN File: C:/coding/DevEcoStudioProjects/timestore/entry/src/main/ets/pages/suggest/SuggestPage.ets:41:7
 Function may throw exceptions. Special handling is required.

WARN: ArkTS:WARN File: C:/coding/DevEcoStudioProjects/timestore/entry/src/main/ets/pages/suggest/SuggestPage.ets:41:20
 'showToast' has been deprecated.

WARN: ArkTS:WARN File: C:/coding/DevEcoStudioProjects/timestore/entry/src/main/ets/pages/suggest/SuggestPage.ets:48:5
 Function may throw exceptions. Special handling is required.

WARN: ArkTS:WARN File: C:/coding/DevEcoStudioProjects/timestore/entry/src/main/ets/pages/suggest/SuggestPage.ets:48:18
 'showToast' has been deprecated.

WARN: ArkTS:WARN File: C:/coding/DevEcoStudioProjects/timestore/entry/src/main/ets/pages/suggest/SuggestPage.ets:60:20
 'back' has been deprecated.

WARN: ArkTS:WARN File: C:/coding/DevEcoStudioProjects/timestore/entry/src/main/ets/pages/shell/ShellPage.ets:5:1
 It's not a recommended way to export struct with '@Entry' decorator, which may cause ACE Engine error in component preview mode.
WARN: ArkTS:WARN File: C:/coding/DevEcoStudioProjects/timestore/entry/src/main/ets/pages/story/StoryDetailPage.ets:22:1
 It's not a recommended way to export struct with '@Entry' decorator, which may cause ACE Engine error in component preview mode.
WARN: ArkTS:WARN File: C:/coding/DevEcoStudioProjects/timestore/entry/src/main/ets/pages/story/StoryPage.ets:8:1
 It's not a recommended way to export struct with '@Entry' decorator, which may cause ACE Engine error in component preview mode.
WARN: ArkTS:WARN File: C:/coding/DevEcoStudioProjects/timestore/entry/src/main/ets/pages/person/PersonDetailPage.ets:22:1
 It's not a recommended way to export struct with '@Entry' decorator, which may cause ACE Engine error in component preview mode.
WARN: ArkTS:WARN File: C:/coding/DevEcoStudioProjects/timestore/entry/src/main/ets/pages/import/ImportPage.ets:42:1
 It's not a recommended way to export struct with '@Entry' decorator, which may cause ACE Engine error in component preview mode.
WARN: ArkTS:WARN File: C:/coding/DevEcoStudioProjects/timestore/entry/src/main/ets/pages/suggest/SuggestPage.ets:10:1
 It's not a recommended way to export struct with '@Entry' decorator, which may cause ACE Engine error in component preview mode.
WARN: ArkTS:WARN File: C:/coding/DevEcoStudioProjects/timestore/entry/src/main/ets/pages/person/PersonPage.ets:8:1
 It's not a recommended way to export struct with '@Entry' decorator, which may cause ACE Engine error in component preview mode.

> hvigor Finished :entry:default@CompileArkTS... after 1 min 8 s 926 ms 
> hvigor Finished :entry:default@GeneratePkgModuleJson... after 14 ms 
> hvigor Finished :entry:default@ProcessCompiledResources... after 2 ms 
> hvigor WARN: Picked up JAVA_TOOL_OPTIONS: -Djava.net.preferIPv4Stack=true

> hvigor Finished :entry:default@PackageHap... after 2 s 841 ms 
> hvigor Finished :entry:default@PackingCheck... after 89 ms 
> hvigor WARN: Picked up JAVA_TOOL_OPTIONS: -Djava.net.preferIPv4Stack=true

> hvigor WARN: Picked up JAVA_TOOL_OPTIONS: -Djava.net.preferIPv4Stack=true

> hvigor Finished :entry:default@SignHap... after 13 s 314 ms 
> hvigor Finished :entry:default@CollectDebugSymbol... after 7 ms 
> hvigor Finished :entry:assembleHap... after 1 ms 
> hvigor BUILD SUCCESSFUL in 2 min 23 s 616 ms 


Process finished with exit code 0

