=== Build Output ===
> C:\Program Files\Huawei\DevEco Studio\tools\node\node.exe C:\Program Files\Huawei\DevEco Studio\tools\hvigor\bin\hvigorw.js --mode project -p product=default assembleApp -p buildMode=debug -p debuggable=true -p debugLine=false --no-daemon

> hvigor Finished ::PreBuildApp... after 4 ms 
> hvigor UP-TO-DATE :entry:default@PreBuild...  
> hvigor Finished ::DuplicateDependencyCheck... after 2 ms 
> hvigor Finished :entry:default@CreateModuleInfo... after 5 ms 
> hvigor UP-TO-DATE :entry:default@GenerateMetadata...  
> hvigor Finished :entry:default@ConfigureCmake... after 2 ms 
> hvigor UP-TO-DATE :entry:default@MergeProfile...  
> hvigor UP-TO-DATE :entry:default@CreateBuildProfile...  
> hvigor Finished :entry:default@PreCheckSyscap... after 2 ms 
> hvigor Finished :entry:default@GeneratePkgContextInfo... after 31 ms 
> hvigor UP-TO-DATE :entry:default@GeneratePkgSdkInfo...  
> hvigor Finished :entry:default@ProcessIntegratedHsp... after 4 ms 
> hvigor Finished :entry:default@BuildNativeWithCmake... after 5 ms 
> hvigor UP-TO-DATE :entry:default@MakePackInfo...  
> hvigor Finished :entry:default@SyscapTransform... after 75 ms 
> hvigor UP-TO-DATE :entry:default@ProcessProfile...  
> hvigor UP-TO-DATE :entry:default@ProcessRouterMap...  
> hvigor UP-TO-DATE :entry:default@ProcessShareConfig...  
> hvigor Finished :entry:default@ProcessStartupConfig... after 10 ms 
> hvigor Finished :entry:default@BuildNativeWithNinja... after 3 ms 
> hvigor UP-TO-DATE :entry:default@ProcessResource...  
> hvigor UP-TO-DATE :entry:default@GenerateLoaderJson...  
> hvigor UP-TO-DATE :entry:default@ProcessLibs...  
> hvigor UP-TO-DATE :entry:default@CompileResource...  
> hvigor UP-TO-DATE :entry:default@DoNativeStrip...  
> hvigor UP-TO-DATE :entry:default@CompileArkTS...  
> hvigor Finished :entry:default@BuildJS... after 19 ms 
> hvigor UP-TO-DATE :entry:default@CacheNativeLibs...  
> hvigor UP-TO-DATE :entry:default@GeneratePkgModuleJson...  
> hvigor Finished :entry:default@ProcessCompiledResources... after 3 ms 
> hvigor UP-TO-DATE :entry:default@PackageHap...  
> hvigor Finished :entry:default@PackingCheck... after 41 ms 
> hvigor WARN: Will skip sign 'hos_hap'. No signingConfigs profile is configured in current project.
             If needed, configure the signingConfigs in C:\coding\DevEcoStudioProjects\timestore\build-profile.json5.
> hvigor Finished :entry:default@SignHap... after 15 ms 
> hvigor Finished :entry:default@CollectDebugSymbol... after 5 ms 
> hvigor Finished :entry:assembleHap... after 2 ms 
> hvigor UP-TO-DATE ::MakeProjectPackInfo...  
> hvigor UP-TO-DATE ::ProcessProjectPrivacyProfile...  
> hvigor UP-TO-DATE ::GeneratePackRes...  
> hvigor WARN: Picked up JAVA_TOOL_OPTIONS: -Djava.net.preferIPv4Stack=true

> hvigor Finished ::PackageApp... after 2 s 337 ms 
> hvigor Finished ::SignPackagesFromApp... after 9 ms 
> hvigor WARN: Will skip sign 'app'. No signingConfigs profile is configured in current project.
             If needed, configure the signingConfigs in C:\coding\DevEcoStudioProjects\timestore\build-profile.json5.
> hvigor Finished ::SignApp... after 10 ms 
> hvigor Finished ::assembleApp... after 1 ms 
> hvigor BUILD SUCCESSFUL in 12 s 47 ms 


Process finished with exit code 0

